2020-02-24 09:01:22  INFO [a.c.n.h.HerbalistApplication:50] - Starting HerbalistApplication on PAG-PF0U1Q7Y with PID 3244 (C:\alw\alwTutorial\2018\Demo\HerbalistDemoVersion\target\classes started by WUA2 in C:\alw\alwTutorial\2018\Demo\HerbalistDemoVersion)
2020-02-24 09:01:22  INFO [a.c.n.h.HerbalistApplication:656] - The following profiles are active: local
2020-02-24 09:01:22  INFO [o.s.b.w.s.c.AnnotationConfigServletWebServerApplicationContext:589] - Refreshing org.springframework.boot.web.servlet.context.AnnotationConfigServletWebServerApplicationContext@1413c740: startup date [Mon Feb 24 09:01:22 AEDT 2020]; root of context hierarchy
2020-02-24 09:01:24  INFO [o.s.c.s.PostProcessorRegistrationDelegate$BeanPostProcessorChecker:328] - Bean 'org.springframework.transaction.annotation.ProxyTransactionManagementConfiguration' of type [org.springframework.transaction.annotation.ProxyTransactionManagementConfiguration$$EnhancerBySpringCGLIB$$545c72d1] is not eligible for getting processed by all BeanPostProcessors (for example: not eligible for auto-proxying)
2020-02-24 09:01:25  INFO [o.s.b.w.e.t.TomcatWebServer:91] - Tomcat initialized with port(s): 8083 (http)
2020-02-24 09:01:25  INFO [o.a.c.h.Http11NioProtocol:180] - Initializing ProtocolHandler ["http-nio-8083"]
2020-02-24 09:01:25  INFO [o.a.c.c.StandardService:180] - Starting service [Tomcat]
2020-02-24 09:01:25  INFO [o.a.c.c.StandardEngine:180] - Starting Servlet Engine: Apache Tomcat/8.5.28
2020-02-24 09:01:25  INFO [o.a.c.c.AprLifecycleListener:180] - The APR based Apache Tomcat Native library which allows optimal performance in production environments was not found on the java.library.path: [C:\alw\alwInstalls\jdk1.8.0_151\bin;C:\Windows\Sun\Java\bin;C:\Windows\system32;C:\Windows;C:\Oracle12cClient\product\12.1.0\client_1\bin;C:\Program Files (x86)\Common Files\Oracle\Java\javapath;C:\Windows\system32;C:\Windows;C:\Windows\System32\Wbem;C:\Windows\System32\WindowsPowerShell\v1.0\;C:\Program Files (x86)\Hewlett Packard Enterprise\Content Manager\;C:\Program Files\dotnet\;C:\Program Files\Microsoft SQL Server\130\Tools\Binn\;C:\Program Files\Microsoft SQL Server\Client SDK\ODBC\170\Tools\Binn\;C:\alw\alwInstalls\TortoiseSVN\bin;C:\alw\alwInstalls\nodejs\;C:\alw\alwInstalls\Go\bin;C:\Users\WUA2\AppData\Local\Microsoft\WindowsApps;C:\alw\alwInstalls\jdk1.7.0_60;C:\alw\alwInstalls\apache-maven-3.3.9;C:\alw\alwInstalls\Microsoft VS Code\bin;C:\alw\alwInstalls\node-sass\v4.13.0\win32-x64-64_binding.node;C:\Users\WUA2\AppData\Roaming\npm;C:\Users\WUA2\go\bin;.]
2020-02-24 09:01:26  INFO [o.a.c.c.C.[.[.[/]:180] - Initializing Spring embedded WebApplicationContext
2020-02-24 09:01:26  INFO [o.s.w.c.ContextLoader:285] - Root WebApplicationContext: initialization completed in 3200 ms
2020-02-24 09:01:26  INFO [o.s.j.d.DriverManagerDataSource:133] - Loaded JDBC driver: org.h2.Driver
2020-02-24 09:01:27  INFO [o.s.o.j.LocalContainerEntityManagerFactoryBean:361] - Building JPA container EntityManagerFactory for persistence unit 'default'
2020-02-24 09:01:27  INFO [o.h.j.i.u.LogHelper:31] - HHH000204: Processing PersistenceUnitInfo [
	name: default
	...]
2020-02-24 09:01:27  INFO [o.h.Version:45] - HHH000412: Hibernate Core {5.2.14.Final}
2020-02-24 09:01:27  INFO [o.h.c.Environment:213] - HHH000206: hibernate.properties not found
2020-02-24 09:01:27  INFO [o.h.a.c.Version:66] - HCANN000001: Hibernate Commons Annotations {5.0.1.Final}
2020-02-24 09:01:27  INFO [o.h.d.Dialect:157] - HHH000400: Using dialect: org.hibernate.dialect.H2Dialect
2020-02-24 09:01:28  INFO [o.s.o.j.LocalContainerEntityManagerFactoryBean:394] - Initialized JPA EntityManagerFactory for persistence unit 'default'
2020-02-24 09:01:29  INFO [o.h.h.i.QueryTranslatorFactoryInitiator:47] - HHH000397: Using ASTQueryTranslatorFactory
2020-02-24 09:01:29  INFO [o.s.b.w.s.FilterRegistrationBean:243] - Mapping filter: 'characterEncodingFilter' to: [/*]
2020-02-24 09:01:29  INFO [o.s.b.w.s.FilterRegistrationBean:243] - Mapping filter: 'hiddenHttpMethodFilter' to: [/*]
2020-02-24 09:01:29  INFO [o.s.b.w.s.FilterRegistrationBean:243] - Mapping filter: 'httpPutFormContentFilter' to: [/*]
2020-02-24 09:01:29  INFO [o.s.b.w.s.FilterRegistrationBean:243] - Mapping filter: 'requestContextFilter' to: [/*]
2020-02-24 09:01:29  INFO [o.s.b.w.s.DelegatingFilterProxyRegistrationBean:243] - Mapping filter: 'springSecurityFilterChain' to: [/*]
2020-02-24 09:01:29  INFO [o.s.b.w.s.ServletRegistrationBean:185] - Servlet dispatcherServlet mapped to [/]
2020-02-24 09:01:29  INFO [o.s.b.w.s.ServletRegistrationBean:185] - Servlet webServlet mapped to [/h2-console/*]
2020-02-24 09:01:29  INFO [o.s.b.w.s.ServletRegistrationBean:185] - Servlet au.com.new1step.herbalist.servlet.ChartServlet mapped to [/herbalist/chart/*]
2020-02-24 09:01:29  INFO [o.s.b.w.s.ServletRegistrationBean:185] - Servlet au.com.new1step.herbalist.servlet.HerbNameServlet mapped to [/doctor/searchHerbsByHerbClass]
2020-02-24 09:01:29  WARN [o.t.t.TemplateMode:150] - [THYMELEAF][restartedMain] Template Mode 'HTML5' is deprecated. Using Template Mode 'HTML' instead.
2020-02-24 09:01:29  WARN [o.t.t.TemplateMode:150] - [THYMELEAF][restartedMain] Template Mode 'XHTML' is deprecated. Using Template Mode 'HTML' instead.
2020-02-24 09:01:30  INFO [o.s.s.w.DefaultSecurityFilterChain:43] - Creating filter chain: Ant [pattern='/resources/**'], []
2020-02-24 09:01:30  INFO [o.s.s.w.DefaultSecurityFilterChain:43] - Creating filter chain: org.springframework.security.web.util.matcher.AnyRequestMatcher@1, [org.springframework.security.web.context.request.async.WebAsyncManagerIntegrationFilter@17919d9b, org.springframework.security.web.context.SecurityContextPersistenceFilter@18748451, org.springframework.security.web.header.HeaderWriterFilter@74ec781c, org.springframework.security.web.authentication.logout.LogoutFilter@52f35737, org.springframework.security.web.authentication.UsernamePasswordAuthenticationFilter@1ce811a6, org.springframework.security.web.savedrequest.RequestCacheAwareFilter@764b38e6, org.springframework.security.web.servletapi.SecurityContextHolderAwareRequestFilter@435a2d97, org.springframework.security.web.authentication.AnonymousAuthenticationFilter@43a5cb41, org.springframework.security.web.session.SessionManagementFilter@5eaf5d93, org.springframework.security.web.access.ExceptionTranslationFilter@cf820fa, org.springframework.security.web.access.intercept.FilterSecurityInterceptor@1cc980ed]
2020-02-24 09:01:30  INFO [o.s.w.s.m.m.a.RequestMappingHandlerAdapter:567] - Looking for @ControllerAdvice: org.springframework.boot.web.servlet.context.AnnotationConfigServletWebServerApplicationContext@1413c740: startup date [Mon Feb 24 09:01:22 AEDT 2020]; root of context hierarchy
2020-02-24 09:01:30  WARN [o.s.b.a.o.j.JpaBaseConfiguration$JpaWebConfiguration$JpaWebMvcConfiguration:235] - spring.jpa.open-in-view is enabled by default. Therefore, database queries may be performed during view rendering. Explicitly configure spring.jpa.open-in-view to disable this warning
2020-02-24 09:01:30  INFO [o.s.w.s.m.m.a.RequestMappingHandlerMapping:548] - Mapped "{[/admin/home],methods=[GET]}" onto public java.lang.String au.com.new1step.herbalist.web.controller.AdminController.home(org.springframework.ui.Model)
2020-02-24 09:01:30  INFO [o.s.w.s.m.m.a.RequestMappingHandlerMapping:548] - Mapped "{[/admin/displayAllUsers],methods=[GET]}" onto public java.lang.String au.com.new1step.herbalist.web.controller.AdminController.displayAllUsers(org.springframework.ui.ModelMap)
2020-02-24 09:01:30  INFO [o.s.w.s.m.m.a.RequestMappingHandlerMapping:548] - Mapped "{[/admin/createShopOwner],methods=[GET]}" onto public java.lang.String au.com.new1step.herbalist.web.controller.AdminController.createShowOwner()
2020-02-24 09:01:30  INFO [o.s.w.s.m.m.a.RequestMappingHandlerMapping:548] - Mapped "{[/admin/editGlobalParameter],methods=[POST]}" onto public java.lang.String au.com.new1step.herbalist.web.controller.AdminController.editGlobalParameterPost(au.com.new1step.herbalist.web.dto.GlobalParameterDto,org.springframework.ui.Model) throws au.com.new1step.herbalist.exception.EntityNotFoundException
2020-02-24 09:01:30  INFO [o.s.w.s.m.m.a.RequestMappingHandlerMapping:548] - Mapped "{[/admin/editGlobalParameter],methods=[GET]}" onto public java.lang.String au.com.new1step.herbalist.web.controller.AdminController.editGlobalParameter()
2020-02-24 09:01:30  INFO [o.s.w.s.m.m.a.RequestMappingHandlerMapping:548] - Mapped "{[/admin/createShopOwner],methods=[POST]}" onto public java.lang.String au.com.new1step.herbalist.web.controller.AdminController.createShowOwnerPost(au.com.new1step.herbalist.web.dto.AppUserDto)
2020-02-24 09:01:30  INFO [o.s.w.s.m.m.a.RequestMappingHandlerMapping:548] - Mapped "{[/admin/showGlobalParameter],methods=[GET]}" onto public java.lang.String au.com.new1step.herbalist.web.controller.AdminController.showGlobalParameter(org.springframework.ui.Model) throws au.com.new1step.herbalist.exception.EntityNotFoundException
2020-02-24 09:01:30  INFO [o.s.w.s.m.m.a.RequestMappingHandlerMapping:548] - Mapped "{[/logout],methods=[GET]}" onto public java.lang.String au.com.new1step.herbalist.web.controller.AppController.logout(javax.servlet.http.HttpServletRequest)
2020-02-24 09:01:30  INFO [o.s.w.s.m.m.a.RequestMappingHandlerMapping:548] - Mapped "{[/contactUs],methods=[GET]}" onto public java.lang.String au.com.new1step.herbalist.web.controller.AppController.contactUs()
2020-02-24 09:01:30  INFO [o.s.w.s.m.m.a.RequestMappingHandlerMapping:548] - Mapped "{[/],methods=[GET]}" onto public java.lang.String au.com.new1step.herbalist.web.controller.AppController.home1()
2020-02-24 09:01:30  INFO [o.s.w.s.m.m.a.RequestMappingHandlerMapping:548] - Mapped "{[/userGuide],methods=[GET]}" onto public java.lang.String au.com.new1step.herbalist.web.controller.AppController.userGuide()
2020-02-24 09:01:30  INFO [o.s.w.s.m.m.a.RequestMappingHandlerMapping:548] - Mapped "{[/herbalist/home],methods=[GET]}" onto public java.lang.String au.com.new1step.herbalist.web.controller.AppController.home3(javax.servlet.http.HttpServletRequest)
2020-02-24 09:01:30  INFO [o.s.w.s.m.m.a.RequestMappingHandlerMapping:548] - Mapped "{[/home],methods=[GET]}" onto public java.lang.String au.com.new1step.herbalist.web.controller.AppController.home2()
2020-02-24 09:01:30  INFO [o.s.w.s.m.m.a.RequestMappingHandlerMapping:548] - Mapped "{[/error/403],methods=[GET]}" onto public java.lang.String au.com.new1step.herbalist.web.controller.AppController.error403()
2020-02-24 09:01:30  INFO [o.s.w.s.m.m.a.RequestMappingHandlerMapping:548] - Mapped "{[/error/404],methods=[GET]}" onto public java.lang.String au.com.new1step.herbalist.web.controller.AppController.error404()
2020-02-24 09:01:30  INFO [o.s.w.s.m.m.a.RequestMappingHandlerMapping:548] - Mapped "{[/login],methods=[GET]}" onto public java.lang.String au.com.new1step.herbalist.web.controller.AppController.login(javax.servlet.http.HttpServletRequest)
2020-02-24 09:01:30  INFO [o.s.w.s.m.m.a.RequestMappingHandlerMapping:548] - Mapped "{[/doctor/home],methods=[GET]}" onto public java.lang.String au.com.new1step.herbalist.web.controller.DoctorController.home()
2020-02-24 09:01:30  INFO [o.s.w.s.m.m.a.RequestMappingHandlerMapping:548] - Mapped "{[/doctor/searchCurrentPatientWithPrescription],methods=[POST]}" onto public java.lang.String au.com.new1step.herbalist.web.controller.DoctorController.searchCurrentPatientWithPrescriptionPost(au.com.new1step.herbalist.web.dto.SearchParameterDto,org.springframework.validation.BindingResult,org.springframework.web.servlet.mvc.support.RedirectAttributes,org.springframework.ui.Model)
2020-02-24 09:01:30  INFO [o.s.w.s.m.m.a.RequestMappingHandlerMapping:548] - Mapped "{[/doctor/editSymptom],methods=[POST]}" onto public java.lang.String au.com.new1step.herbalist.web.controller.DoctorController.editSymptomPost(au.com.new1step.herbalist.web.dto.SymptomDto,org.springframework.web.servlet.mvc.support.RedirectAttributes,org.springframework.ui.Model) throws au.com.new1step.herbalist.exception.EntityNotHaveIdException
2020-02-24 09:01:30  INFO [o.s.w.s.m.m.a.RequestMappingHandlerMapping:548] - Mapped "{[/doctor/createDoctorInstruction],methods=[POST]}" onto public java.lang.String au.com.new1step.herbalist.web.controller.DoctorController.createDoctorInstructionPost(au.com.new1step.herbalist.web.dto.DoctorDto2,org.springframework.validation.BindingResult,org.springframework.web.servlet.mvc.support.RedirectAttributes,org.springframework.ui.Model) throws au.com.new1step.herbalist.exception.EntityNotFoundException
2020-02-24 09:01:30  INFO [o.s.w.s.m.m.a.RequestMappingHandlerMapping:548] - Mapped "{[/doctor/createPrescriptionPost],methods=[POST]}" onto public java.lang.String au.com.new1step.herbalist.web.controller.DoctorController.createPrescriptionPost(javax.servlet.http.HttpServletRequest,au.com.new1step.herbalist.web.dto.PrescriptionDto,org.springframework.web.servlet.mvc.support.RedirectAttributes,org.springframework.validation.BindingResult,org.springframework.ui.Model) throws au.com.new1step.herbalist.exception.EntityNotHaveIdException
2020-02-24 09:01:30  INFO [o.s.w.s.m.m.a.RequestMappingHandlerMapping:548] - Mapped "{[/doctor/searchPatientDetail],methods=[POST]}" onto public java.lang.String au.com.new1step.herbalist.web.controller.DoctorController.createPatientDetailPost(au.com.new1step.herbalist.web.dto.SearchParameterDto,org.springframework.validation.BindingResult,org.springframework.web.servlet.mvc.support.RedirectAttributes,org.springframework.ui.Model)
2020-02-24 09:01:30  INFO [o.s.w.s.m.m.a.RequestMappingHandlerMapping:548] - Mapped "{[/doctor/searchCurrentPatient],methods=[POST]}" onto public java.lang.String au.com.new1step.herbalist.web.controller.DoctorController.searchCurrentPatientPost(au.com.new1step.herbalist.web.dto.SearchParameterDto,org.springframework.validation.BindingResult,org.springframework.web.servlet.mvc.support.RedirectAttributes,org.springframework.ui.Model)
2020-02-24 09:01:30  INFO [o.s.w.s.m.m.a.RequestMappingHandlerMapping:548] - Mapped "{[/doctor/editPrintPrescription],methods=[GET]}" onto public java.lang.String au.com.new1step.herbalist.web.controller.DoctorController.editPrintPrescription(org.springframework.ui.Model,java.lang.Long)
2020-02-24 09:01:30  INFO [o.s.w.s.m.m.a.RequestMappingHandlerMapping:548] - Mapped "{[/doctor/createPatientDetail],methods=[GET]}" onto public java.lang.String au.com.new1step.herbalist.web.controller.DoctorController.createPatientDetail(org.springframework.data.domain.Pageable,java.lang.String,org.springframework.web.servlet.mvc.support.RedirectAttributes,org.springframework.ui.Model)
2020-02-24 09:01:30  INFO [o.s.w.s.m.m.a.RequestMappingHandlerMapping:548] - Mapped "{[/doctor/createSymptom],methods=[POST]}" onto public java.lang.String au.com.new1step.herbalist.web.controller.DoctorController.createSymptomPost(au.com.new1step.herbalist.web.dto.SymptomDto,org.springframework.web.servlet.mvc.support.RedirectAttributes,org.springframework.ui.Model) throws au.com.new1step.herbalist.exception.EntityNotHaveIdException
2020-02-24 09:01:30  INFO [o.s.w.s.m.m.a.RequestMappingHandlerMapping:548] - Mapped "{[/doctor/createDoctorDetail],methods=[POST]}" onto public java.lang.String au.com.new1step.herbalist.web.controller.DoctorController.createDoctorDetailPost(au.com.new1step.herbalist.web.dto.DoctorDto1,org.springframework.validation.BindingResult,org.springframework.web.servlet.mvc.support.RedirectAttributes,org.springframework.ui.Model) throws au.com.new1step.herbalist.exception.EntityNotFoundException
2020-02-24 09:01:30  INFO [o.s.w.s.m.m.a.RequestMappingHandlerMapping:548] - Mapped "{[/doctor/createDoctorDetail],methods=[GET]}" onto public java.lang.String au.com.new1step.herbalist.web.controller.DoctorController.createDoctorDetail(java.lang.String,org.springframework.ui.Model,javax.servlet.ServletRequest)
2020-02-24 09:01:30  INFO [o.s.w.s.m.m.a.RequestMappingHandlerMapping:548] - Mapped "{[/doctor/updatePatientDetail],methods=[POST]}" onto public java.lang.String au.com.new1step.herbalist.web.controller.DoctorController.updatePatientDetailPost(au.com.new1step.herbalist.jpa.model.Patient,org.springframework.validation.BindingResult,org.springframework.web.servlet.mvc.support.RedirectAttributes,org.springframework.ui.Model)
2020-02-24 09:01:30  INFO [o.s.w.s.m.m.a.RequestMappingHandlerMapping:548] - Mapped "{[/doctor/createPrescription],methods=[GET]}" onto public java.lang.String au.com.new1step.herbalist.web.controller.DoctorController.createPrescription(java.util.List<au.com.new1step.herbalist.jpa.model.Medicine>,org.springframework.ui.Model,java.lang.Long)
2020-02-24 09:01:30  INFO [o.s.w.s.m.m.a.RequestMappingHandlerMapping:548] - Mapped "{[/doctor/showPatientFeeCharts],methods=[GET]}" onto public java.lang.String au.com.new1step.herbalist.web.controller.DoctorController.showPatientFeeCharts(org.springframework.ui.Model)
2020-02-24 09:01:30  INFO [o.s.w.s.m.m.a.RequestMappingHandlerMapping:548] - Mapped "{[/doctor/purgeOldPrescriptions],methods=[GET]}" onto public java.lang.String au.com.new1step.herbalist.web.controller.DoctorController.purgeOldPrescriptions(org.springframework.ui.Model)
2020-02-24 09:01:30  INFO [o.s.w.s.m.m.a.RequestMappingHandlerMapping:548] - Mapped "{[/doctor/prescription],methods=[GET]}" onto public void au.com.new1step.herbalist.web.controller.DoctorController.showPrescriptionPdf(javax.servlet.http.HttpServletRequest,javax.servlet.http.HttpServletResponse) throws javax.servlet.ServletException,java.io.IOException
2020-02-24 09:01:30  INFO [o.s.w.s.m.m.a.RequestMappingHandlerMapping:548] - Mapped "{[/doctor/showHistoryPrescription],methods=[POST]}" onto public java.lang.String au.com.new1step.herbalist.web.controller.DoctorController.showHistoryPrescriptionPost(au.com.new1step.herbalist.web.dto.SymptomDto,org.springframework.web.servlet.mvc.support.RedirectAttributes,org.springframework.ui.Model)
2020-02-24 09:01:30  INFO [o.s.w.s.m.m.a.RequestMappingHandlerMapping:548] - Mapped "{[/doctor/demoPrescription],methods=[GET]}" onto public void au.com.new1step.herbalist.web.controller.DoctorController.showPrescriptionDemoPdf(javax.servlet.http.HttpServletRequest,javax.servlet.http.HttpServletResponse) throws javax.servlet.ServletException,java.io.IOException
2020-02-24 09:01:30  INFO [o.s.w.s.m.m.a.RequestMappingHandlerMapping:548] - Mapped "{[/doctor/editPrescriptionPost],methods=[POST]}" onto public java.lang.String au.com.new1step.herbalist.web.controller.DoctorController.editPrescriptionPost(javax.servlet.http.HttpServletRequest,au.com.new1step.herbalist.web.dto.PrescriptionDto,org.springframework.web.servlet.mvc.support.RedirectAttributes,org.springframework.validation.BindingResult) throws au.com.new1step.herbalist.exception.EntityNotFoundException,au.com.new1step.herbalist.exception.EntityNotHaveIdException
2020-02-24 09:01:30  INFO [o.s.w.s.m.m.a.RequestMappingHandlerMapping:548] - Mapped "{[/doctor/searchHistoryRecord],methods=[GET]}" onto public java.lang.String au.com.new1step.herbalist.web.controller.DoctorController.searchHistoryRecord(org.springframework.ui.Model,java.lang.Long)
2020-02-24 09:01:30  INFO [o.s.w.s.m.m.a.RequestMappingHandlerMapping:548] - Mapped "{[/doctor/searchHistoryPatient],methods=[POST]}" onto public java.lang.String au.com.new1step.herbalist.web.controller.DoctorController.searchHistoryPatientPost(au.com.new1step.herbalist.web.dto.SearchParameterDto,org.springframework.validation.BindingResult,org.springframework.web.servlet.mvc.support.RedirectAttributes,org.springframework.ui.Model)
2020-02-24 09:01:30  INFO [o.s.w.s.m.m.a.RequestMappingHandlerMapping:548] - Mapped "{[/doctor/purgeOldPrescriptions/{year}],methods=[GET]}" onto public java.lang.String au.com.new1step.herbalist.web.controller.DoctorController.purgeOldPrescriptionsPost(java.lang.Integer,org.springframework.web.servlet.mvc.support.RedirectAttributes,org.springframework.ui.Model)
2020-02-24 09:01:30  INFO [o.s.w.s.m.m.a.RequestMappingHandlerMapping:548] - Mapped "{[/doctor/purgeOldPrescriptions],methods=[POST]}" onto public java.lang.String au.com.new1step.herbalist.web.controller.DoctorController.purgeOldPrescriptionsPost(au.com.new1step.herbalist.web.dto.YearDto,org.springframework.web.servlet.mvc.support.RedirectAttributes,org.springframework.ui.Model)
2020-02-24 09:01:30  INFO [o.s.w.s.m.m.a.RequestMappingHandlerMapping:548] - Mapped "{[/shop/home],methods=[GET]}" onto public java.lang.String au.com.new1step.herbalist.web.controller.ShopController.home()
2020-02-24 09:01:30  INFO [o.s.w.s.m.m.a.RequestMappingHandlerMapping:548] - Mapped "{[/shop/createDoctorUser],methods=[GET]}" onto public java.lang.String au.com.new1step.herbalist.web.controller.ShopController.createDoctorUser(org.springframework.ui.ModelMap)
2020-02-24 09:01:30  INFO [o.s.w.s.m.m.a.RequestMappingHandlerMapping:548] - Mapped "{[/shop/createHerb],methods=[GET]}" onto public java.lang.String au.com.new1step.herbalist.web.controller.ShopController.createHerb(org.springframework.ui.Model)
2020-02-24 09:01:30  INFO [o.s.w.s.m.m.a.RequestMappingHandlerMapping:548] - Mapped "{[/shop/createShopDetail],methods=[GET]}" onto public java.lang.String au.com.new1step.herbalist.web.controller.ShopController.createShopDetail(org.springframework.ui.Model)
2020-02-24 09:01:30  INFO [o.s.w.s.m.m.a.RequestMappingHandlerMapping:548] - Mapped "{[/shop/createHerb],methods=[POST]}" onto public java.lang.String au.com.new1step.herbalist.web.controller.ShopController.createHerbPost(au.com.new1step.herbalist.jpa.model.Herb,org.springframework.ui.Model)
2020-02-24 09:01:30  INFO [o.s.w.s.m.m.a.RequestMappingHandlerMapping:548] - Mapped "{[/shop/createShopAddress],methods=[POST]}" onto public java.lang.String au.com.new1step.herbalist.web.controller.ShopController.createShopDetailPost(au.com.new1step.herbalist.jpa.model.ClinicAddress,org.springframework.ui.Model)
2020-02-24 09:01:30  INFO [o.s.w.s.m.m.a.RequestMappingHandlerMapping:548] - Mapped "{[/shop/createShopDetail],methods=[POST]}" onto public java.lang.String au.com.new1step.herbalist.web.controller.ShopController.createShopDetailPost(javax.servlet.http.HttpServletRequest,au.com.new1step.herbalist.jpa.model.Clinic,org.springframework.web.servlet.mvc.support.RedirectAttributes)
2020-02-24 09:01:30  INFO [o.s.w.s.m.m.a.RequestMappingHandlerMapping:548] - Mapped "{[/shop/createDoctorUser],methods=[POST]}" onto public java.lang.String au.com.new1step.herbalist.web.controller.ShopController.createDoctorUserPost(au.com.new1step.herbalist.web.dto.AppUserDto,org.springframework.ui.ModelMap,org.springframework.web.servlet.mvc.support.RedirectAttributes) throws au.com.new1step.herbalist.exception.EntityNotFoundException
2020-02-24 09:01:30  INFO [o.s.w.s.m.m.a.RequestMappingHandlerMapping:548] - Mapped "{[/shop/createHerbGroup],methods=[POST]}" onto public java.lang.String au.com.new1step.herbalist.web.controller.ShopController.createHerbGroupPost(au.com.new1step.herbalist.jpa.model.HerbClass)
2020-02-24 09:01:30  INFO [o.s.w.s.m.m.a.RequestMappingHandlerMapping:548] - Mapped "{[/shop/pickupPrescription],methods=[GET]}" onto public java.lang.String au.com.new1step.herbalist.web.controller.ShopController.pickupPrescription()
2020-02-24 09:01:30  INFO [o.s.w.s.m.m.a.RequestMappingHandlerMapping:548] - Mapped "{[/shop/showPatientIncomeCharts],methods=[GET]}" onto public java.lang.String au.com.new1step.herbalist.web.controller.ShopController.showPatientIncomeCharts()
2020-02-24 09:01:30  INFO [o.s.w.s.m.m.a.RequestMappingHandlerMapping:548] - Mapped "{[/error]}" onto public org.springframework.http.ResponseEntity<java.util.Map<java.lang.String, java.lang.Object>> org.springframework.boot.autoconfigure.web.servlet.error.BasicErrorController.error(javax.servlet.http.HttpServletRequest)
2020-02-24 09:01:30  INFO [o.s.w.s.m.m.a.RequestMappingHandlerMapping:548] - Mapped "{[/error],produces=[text/html]}" onto public org.springframework.web.servlet.ModelAndView org.springframework.boot.autoconfigure.web.servlet.error.BasicErrorController.errorHtml(javax.servlet.http.HttpServletRequest,javax.servlet.http.HttpServletResponse)
2020-02-24 09:01:30  INFO [o.s.w.s.h.SimpleUrlHandlerMapping:373] - Mapped URL path [/webjars/**] onto handler of type [class org.springframework.web.servlet.resource.ResourceHttpRequestHandler]
2020-02-24 09:01:30  INFO [o.s.w.s.h.SimpleUrlHandlerMapping:373] - Mapped URL path [/**] onto handler of type [class org.springframework.web.servlet.resource.ResourceHttpRequestHandler]
2020-02-24 09:01:30  INFO [o.s.w.s.h.SimpleUrlHandlerMapping:373] - Mapped URL path [/**/favicon.ico] onto handler of type [class org.springframework.web.servlet.resource.ResourceHttpRequestHandler]
2020-02-24 09:01:31  INFO [o.s.b.d.a.OptionalLiveReloadServer:57] - LiveReload server is running on port 35729
2020-02-24 09:01:31  INFO [o.s.j.e.a.AnnotationMBeanExporter:434] - Registering beans for JMX exposure on startup
2020-02-24 09:01:31  INFO [o.a.c.h.Http11NioProtocol:180] - Starting ProtocolHandler ["http-nio-8083"]
2020-02-24 09:01:31  INFO [o.a.t.u.n.NioSelectorPool:180] - Using a shared selector for servlet write/read
2020-02-24 09:01:31  INFO [o.s.b.w.e.t.TomcatWebServer:205] - Tomcat started on port(s): 8083 (http) with context path ''
2020-02-24 09:01:31  INFO [a.c.n.h.HerbalistApplication:59] - Started HerbalistApplication in 9.083 seconds (JVM running for 12.858)
2020-02-24 09:01:31  INFO [a.c.n.h.ApplicationCommandLineRunner:27] - DATASOURCE url = jdbc:h2:file:c:/data/db/herbalistV2local
